1 3.125
2 6.25
3 9.375
4 12.5
5 15.625
6 18.75
7 21.875
8 25
9 28.125
10 31.25
11 34.375
12 37.5
13 40.625
14 43.75
15 46.875
16 50
17 53.125
18 56.25
19 59.375
20 62.5
21 65.625
22 68.75
23 71.875
24 75
25 78.125
26 81.25
27 84.375
28 87.5
29 90.625
30 93.75
31 96.875
32 100
33 103.125
34 106.25
35 109.375
36 112.5
37 115.625
38 118.75
39 121.875
40 125
41 128.125
42 131.25
43 134.375
44 137.5
45 140.625
46 143.75
47 146.875
48 150
49 153.125
50 156.25
51 159.375
52 162.5
53 165.625
54 168.75
55 171.875
56 175
57 178.125
58 181.25
59 184.375
60 187.5
61 190.625
62 193.75
63 196.875
64 200
